<?xml version="1.0" encoding="UTF-8"?>
<!-- Generated by org.testng.reporters.JUnitReportReporter -->
<testsuite hostname="AleksandrEvseev" failures="0" tests="1" name="google.cloud.tests.SendEstimateByMailTest" time="34.369" errors="0" timestamp="28 авг. 2022 16:28:33 GMT" skipped="0">
  <testcase classname="google.cloud.tests.SendEstimateByMailTest" name="estimateOnSiteIsEqualInEmail" time="34.369"/>
</testsuite> <!-- google.cloud.tests.SendEstimateByMailTest -->
