<?xml version="1.0" encoding="UTF-8"?>
<!-- Generated by org.testng.reporters.JUnitReportReporter -->
<testsuite hostname="AleksandrEvseev" failures="0" tests="1" name="google.cloud.tests.SendEstimateByMailTest" time="33.131" errors="0" timestamp="29 авг. 2022 12:53:08 GMT" skipped="0">
  <testcase classname="google.cloud.tests.SendEstimateByMailTest" name="estimateOnSiteIsEqualInEmail" time="33.131"/>
</testsuite> <!-- google.cloud.tests.SendEstimateByMailTest -->
